<?xml version="1.0" encoding="UTF-8"?>
<!-- Generated by org.testng.reporters.JUnitReportReporter -->
<testsuite hostname="Eric" failures="0" tests="2" name="ericwin.tests.ErrorValidationsTest" time="16.668" errors="0" timestamp="25 Apr 2024 10:56:46 GMT" skipped="0">
  <testcase classname="ericwin.tests.ErrorValidationsTest" name="productErrorValidation" time="9.874"/>
  <testcase classname="ericwin.tests.ErrorValidationsTest" name="loginErrorValidation" time="6.794"/>
</testsuite> <!-- ericwin.tests.ErrorValidationsTest -->
