<?xml version="1.0" encoding="UTF-8"?>
<!-- Generated by org.testng.reporters.JUnitReportReporter -->
<testsuite hostname="Eric" failures="0" tests="1" name="cucumber.TestNGTestRunner" time="10.613" errors="0" timestamp="30 Apr 2024 04:10:56 GMT" skipped="0">
  <testcase classname="cucumber.TestNGTestRunner" name="runScenario" time="10.613"/>
</testsuite> <!-- cucumber.TestNGTestRunner -->
