<?xml version="1.0" encoding="UTF-8"?>
<!-- Generated by org.testng.reporters.JUnitReportReporter -->
<testsuite hostname="Eric" failures="0" tests="2" name="ericwin.tests.ErrorValidations" time="18.386" errors="0" timestamp="22 Apr 2024 07:03:50 GMT" skipped="0">
  <testcase classname="ericwin.tests.ErrorValidations" name="productErrorValidation" time="6.982"/>
  <testcase classname="ericwin.tests.ErrorValidations" name="loginErrorValidation" time="11.404"/>
</testsuite> <!-- ericwin.tests.ErrorValidations -->
