<?xml version="1.0" encoding="UTF-8"?>
<!-- Generated by org.testng.reporters.JUnitReportReporter -->
<testsuite hostname="Eric" failures="0" tests="3" name="ericwin.tests.SubmitOrderTest" time="25.374" errors="0" timestamp="25 Apr 2024 10:56:46 GMT" skipped="0">
  <testcase classname="ericwin.tests.SubmitOrderTest" name="submitOrder" time="9.107"/>
  <testcase classname="ericwin.tests.SubmitOrderTest" name="submitOrder" time="11.300"/>
  <testcase classname="ericwin.tests.SubmitOrderTest" name="orderHistoryTest" time="4.967"/>
</testsuite> <!-- ericwin.tests.SubmitOrderTest -->
