<?xml version="1.0" encoding="UTF-8"?>
<!-- Generated by org.testng.reporters.JUnitReportReporter -->
<testsuite hostname="Eric" failures="0" tests="1" name="cucumber.TestNGTestRunner" time="9.373" errors="0" timestamp="2024-04-30T12:00:36 WIB" skipped="0">
  <testcase classname="cucumber.TestNGTestRunner" name="runScenario" time="9.373"/>
</testsuite> <!-- cucumber.TestNGTestRunner -->
