<?xml version="1.0" encoding="UTF-8"?>
<!-- Generated by org.testng.reporters.JUnitReportReporter -->
<testsuite hostname="Eric" failures="0" tests="3" name="ericwin.tests.SubmitOrderTest" time="26.005" errors="0" timestamp="2024-04-26T14:49:20 WIB" skipped="0">
  <testcase classname="ericwin.tests.SubmitOrderTest" name="orderHistoryTest" time="5.097"/>
  <testcase classname="ericwin.tests.SubmitOrderTest" name="submitOrder" time="12.068"/>
  <testcase classname="ericwin.tests.SubmitOrderTest" name="submitOrder" time="8.840"/>
</testsuite> <!-- ericwin.tests.SubmitOrderTest -->
