<?xml version="1.0" encoding="UTF-8"?>
<!-- Generated by org.testng.reporters.JUnitReportReporter -->
<testsuite hostname="Eric" failures="0" tests="2" name="ericwin.tests.ErrorValidationsTest" time="14.720" errors="0" timestamp="2024-04-26T14:49:20 WIB" skipped="0">
  <testcase classname="ericwin.tests.ErrorValidationsTest" name="productErrorValidation" time="9.666"/>
  <testcase classname="ericwin.tests.ErrorValidationsTest" name="loginErrorValidation" time="5.054"/>
</testsuite> <!-- ericwin.tests.ErrorValidationsTest -->
